(0000) 3000  0011000000000000 (   1)                 .ORIG x3000
(3000) 2220  0010001000100000 (   2)                 LD    R1 Anum
(3001) 2420  0010010000100000 (   3)                 LD    R2 Bnum
(3002) 2620  0010011000100000 (   4)                 LD    R3 Cnum
(3003) 4899  0100100010011001 (   7) player1         JSR   DISPLAY
(3004) 5B60  0101101101100000 (   8)                 AND   R5 R5 #0
(3005) E01F  1110000000011111 (   9) begin1          LEA   R0 Prompt1
(3006) F022  1111000000100010 (  10)                 TRAP  x22
(3007) 48C9  0100100011001001 (  11)                 JSR   PLAY
(3008) 201B  0010000000011011 (  12)                 LD    R0 NewLine
(3009) F021  1111000000100001 (  13)                 TRAP  x21
(300A) 2019  0010000000011001 (  14)                 LD    R0 NewLine
(300B) F021  1111000000100001 (  15)                 TRAP  x21
(300C) 1842  0001100001000010 (  16)                 ADD   R4 R1 R2
(300D) 1903  0001100100000011 (  17)                 ADD   R4 R4 R3
(300E) 0A03  0000101000000011 (  18)                 BRNP  player2
(300F) E06F  1110000001101111 (  19)                 LEA   R0 Win1
(3010) F022  1111000000100010 (  20)                 TRAP  x22
(3011) 0E0E  0000111000001110 (  21)                 BRNZP exit
(3012) 488A  0100100010001010 (  23) player2         JSR   DISPLAY
(3013) 1B61  0001101101100001 (  24)                 ADD   R5 R5 #1
(3014) E03D  1110000000111101 (  25) begin2          LEA   R0 Prompt2
(3015) F022  1111000000100010 (  26)                 TRAP  x22
(3016) 48BA  0100100010111010 (  27)                 JSR   PLAY
(3017) 200C  0010000000001100 (  28)                 LD    R0 NewLine
(3018) F021  1111000000100001 (  29)                 TRAP  x21
(3019) 200A  0010000000001010 (  30)                 LD    R0 NewLine
(301A) F021  1111000000100001 (  31)                 TRAP  x21
(301B) 1842  0001100001000010 (  32)                 ADD   R4 R1 R2
(301C) 1903  0001100100000011 (  33)                 ADD   R4 R4 R3
(301D) 0BE5  0000101111100101 (  34)                 BRNP  player1
(301E) E06F  1110000001101111 (  35)                 LEA   R0 Win2
(301F) F022  1111000000100010 (  36)                 TRAP  x22
(3020) F025  1111000000100101 (  38) exit            TRAP  x25
(3021) 0003  0000000000000011 (  41) Anum            .FILL x0003
(3022) 0005  0000000000000101 (  42) Bnum            .FILL x0005
(3023) 0008  0000000000001000 (  43) Cnum            .FILL x0008
(3024) 000A  0000000000001010 (  44) NewLine         .FILL x000A
(3025) 0050  0000000001010000 (  45) Prompt1         .FILL x0050
(3026) 006C  0000000001101100 (  45)                 .FILL x006C
(3027) 0061  0000000001100001 (  45)                 .FILL x0061
(3028) 0079  0000000001111001 (  45)                 .FILL x0079
(3029) 0065  0000000001100101 (  45)                 .FILL x0065
(302A) 0072  0000000001110010 (  45)                 .FILL x0072
(302B) 0020  0000000000100000 (  45)                 .FILL x0020
(302C) 0031  0000000000110001 (  45)                 .FILL x0031
(302D) 002C  0000000000101100 (  45)                 .FILL x002C
(302E) 0020  0000000000100000 (  45)                 .FILL x0020
(302F) 0063  0000000001100011 (  45)                 .FILL x0063
(3030) 0068  0000000001101000 (  45)                 .FILL x0068
(3031) 006F  0000000001101111 (  45)                 .FILL x006F
(3032) 006F  0000000001101111 (  45)                 .FILL x006F
(3033) 0073  0000000001110011 (  45)                 .FILL x0073
(3034) 0065  0000000001100101 (  45)                 .FILL x0065
(3035) 0020  0000000000100000 (  45)                 .FILL x0020
(3036) 0061  0000000001100001 (  45)                 .FILL x0061
(3037) 0020  0000000000100000 (  45)                 .FILL x0020
(3038) 0072  0000000001110010 (  45)                 .FILL x0072
(3039) 006F  0000000001101111 (  45)                 .FILL x006F
(303A) 0077  0000000001110111 (  45)                 .FILL x0077
(303B) 0020  0000000000100000 (  45)                 .FILL x0020
(303C) 0061  0000000001100001 (  45)                 .FILL x0061
(303D) 006E  0000000001101110 (  45)                 .FILL x006E
(303E) 0064  0000000001100100 (  45)                 .FILL x0064
(303F) 0020  0000000000100000 (  45)                 .FILL x0020
(3040) 006E  0000000001101110 (  45)                 .FILL x006E
(3041) 0075  0000000001110101 (  45)                 .FILL x0075
(3042) 006D  0000000001101101 (  45)                 .FILL x006D
(3043) 0062  0000000001100010 (  45)                 .FILL x0062
(3044) 0065  0000000001100101 (  45)                 .FILL x0065
(3045) 0072  0000000001110010 (  45)                 .FILL x0072
(3046) 0020  0000000000100000 (  45)                 .FILL x0020
(3047) 006F  0000000001101111 (  45)                 .FILL x006F
(3048) 0066  0000000001100110 (  45)                 .FILL x0066
(3049) 0020  0000000000100000 (  45)                 .FILL x0020
(304A) 0072  0000000001110010 (  45)                 .FILL x0072
(304B) 006F  0000000001101111 (  45)                 .FILL x006F
(304C) 0063  0000000001100011 (  45)                 .FILL x0063
(304D) 006B  0000000001101011 (  45)                 .FILL x006B
(304E) 0073  0000000001110011 (  45)                 .FILL x0073
(304F) 003A  0000000000111010 (  45)                 .FILL x003A
(3050) 0020  0000000000100000 (  45)                 .FILL x0020
(3051) 0000  0000000000000000 (  45)                 .FILL x0000
(3052) 0050  0000000001010000 (  46) Prompt2         .FILL x0050
(3053) 006C  0000000001101100 (  46)                 .FILL x006C
(3054) 0061  0000000001100001 (  46)                 .FILL x0061
(3055) 0079  0000000001111001 (  46)                 .FILL x0079
(3056) 0065  0000000001100101 (  46)                 .FILL x0065
(3057) 0072  0000000001110010 (  46)                 .FILL x0072
(3058) 0020  0000000000100000 (  46)                 .FILL x0020
(3059) 0032  0000000000110010 (  46)                 .FILL x0032
(305A) 002C  0000000000101100 (  46)                 .FILL x002C
(305B) 0020  0000000000100000 (  46)                 .FILL x0020
(305C) 0063  0000000001100011 (  46)                 .FILL x0063
(305D) 0068  0000000001101000 (  46)                 .FILL x0068
(305E) 006F  0000000001101111 (  46)                 .FILL x006F
(305F) 006F  0000000001101111 (  46)                 .FILL x006F
(3060) 0073  0000000001110011 (  46)                 .FILL x0073
(3061) 0065  0000000001100101 (  46)                 .FILL x0065
(3062) 0020  0000000000100000 (  46)                 .FILL x0020
(3063) 0061  0000000001100001 (  46)                 .FILL x0061
(3064) 0020  0000000000100000 (  46)                 .FILL x0020
(3065) 0072  0000000001110010 (  46)                 .FILL x0072
(3066) 006F  0000000001101111 (  46)                 .FILL x006F
(3067) 0077  0000000001110111 (  46)                 .FILL x0077
(3068) 0020  0000000000100000 (  46)                 .FILL x0020
(3069) 0061  0000000001100001 (  46)                 .FILL x0061
(306A) 006E  0000000001101110 (  46)                 .FILL x006E
(306B) 0064  0000000001100100 (  46)                 .FILL x0064
(306C) 0020  0000000000100000 (  46)                 .FILL x0020
(306D) 006E  0000000001101110 (  46)                 .FILL x006E
(306E) 0075  0000000001110101 (  46)                 .FILL x0075
(306F) 006D  0000000001101101 (  46)                 .FILL x006D
(3070) 0062  0000000001100010 (  46)                 .FILL x0062
(3071) 0065  0000000001100101 (  46)                 .FILL x0065
(3072) 0072  0000000001110010 (  46)                 .FILL x0072
(3073) 0020  0000000000100000 (  46)                 .FILL x0020
(3074) 006F  0000000001101111 (  46)                 .FILL x006F
(3075) 0066  0000000001100110 (  46)                 .FILL x0066
(3076) 0020  0000000000100000 (  46)                 .FILL x0020
(3077) 0072  0000000001110010 (  46)                 .FILL x0072
(3078) 006F  0000000001101111 (  46)                 .FILL x006F
(3079) 0063  0000000001100011 (  46)                 .FILL x0063
(307A) 006B  0000000001101011 (  46)                 .FILL x006B
(307B) 0073  0000000001110011 (  46)                 .FILL x0073
(307C) 003A  0000000000111010 (  46)                 .FILL x003A
(307D) 0020  0000000000100000 (  46)                 .FILL x0020
(307E) 0000  0000000000000000 (  46)                 .FILL x0000
(307F) 0050  0000000001010000 (  47) Win1            .FILL x0050
(3080) 006C  0000000001101100 (  47)                 .FILL x006C
(3081) 0061  0000000001100001 (  47)                 .FILL x0061
(3082) 0079  0000000001111001 (  47)                 .FILL x0079
(3083) 0065  0000000001100101 (  47)                 .FILL x0065
(3084) 0072  0000000001110010 (  47)                 .FILL x0072
(3085) 0020  0000000000100000 (  47)                 .FILL x0020
(3086) 0031  0000000000110001 (  47)                 .FILL x0031
(3087) 0020  0000000000100000 (  47)                 .FILL x0020
(3088) 0057  0000000001010111 (  47)                 .FILL x0057
(3089) 0069  0000000001101001 (  47)                 .FILL x0069
(308A) 006E  0000000001101110 (  47)                 .FILL x006E
(308B) 0073  0000000001110011 (  47)                 .FILL x0073
(308C) 002E  0000000000101110 (  47)                 .FILL x002E
(308D) 0000  0000000000000000 (  47)                 .FILL x0000
(308E) 0050  0000000001010000 (  48) Win2            .FILL x0050
(308F) 006C  0000000001101100 (  48)                 .FILL x006C
(3090) 0061  0000000001100001 (  48)                 .FILL x0061
(3091) 0079  0000000001111001 (  48)                 .FILL x0079
(3092) 0065  0000000001100101 (  48)                 .FILL x0065
(3093) 0072  0000000001110010 (  48)                 .FILL x0072
(3094) 0020  0000000000100000 (  48)                 .FILL x0020
(3095) 0032  0000000000110010 (  48)                 .FILL x0032
(3096) 0020  0000000000100000 (  48)                 .FILL x0020
(3097) 0057  0000000001010111 (  48)                 .FILL x0057
(3098) 0069  0000000001101001 (  48)                 .FILL x0069
(3099) 006E  0000000001101110 (  48)                 .FILL x006E
(309A) 0073  0000000001110011 (  48)                 .FILL x0073
(309B) 002E  0000000000101110 (  48)                 .FILL x002E
(309C) 0000  0000000000000000 (  48)                 .FILL x0000
(309D) 3E0E  0011111000001110 (  52) DISPLAY         ST    R7 DISPLAYR7
(309E) E00E  1110000000001110 (  54)                 LEA   R0 PromptA
(309F) F022  1111000000100010 (  55)                 TRAP  x22
(30A0) 1860  0001100001100000 (  56)                 ADD   R4 R1 #0
(30A1) 4823  0100100000100011 (  57)                 JSR   PUTBALL
(30A2) E012  1110000000010010 (  59)                 LEA   R0 PromptB
(30A3) F022  1111000000100010 (  60)                 TRAP  x22
(30A4) 18A0  0001100010100000 (  61)                 ADD   R4 R2 #0
(30A5) 481F  0100100000011111 (  62)                 JSR   PUTBALL
(30A6) E016  1110000000010110 (  64)                 LEA   R0 PromptC
(30A7) F022  1111000000100010 (  65)                 TRAP  x22
(30A8) 18E0  0001100011100000 (  66)                 ADD   R4 R3 #0
(30A9) 481B  0100100000011011 (  67)                 JSR   PUTBALL
(30AA) 2E01  0010111000000001 (  69)                 LD    R7 DISPLAYR7
(30AB) C1C0  1100000111000000 (  70)                 RET   
(30AC) 0000  0000000000000000 (  73) DISPLAYR7       .FILL x0000
(30AD) 0052  0000000001010010 (  74) PromptA         .FILL x0052
(30AE) 004F  0000000001001111 (  74)                 .FILL x004F
(30AF) 0057  0000000001010111 (  74)                 .FILL x0057
(30B0) 0020  0000000000100000 (  74)                 .FILL x0020
(30B1) 0041  0000000001000001 (  74)                 .FILL x0041
(30B2) 003A  0000000000111010 (  74)                 .FILL x003A
(30B3) 0020  0000000000100000 (  74)                 .FILL x0020
(30B4) 0000  0000000000000000 (  74)                 .FILL x0000
(30B5) 0052  0000000001010010 (  75) PromptB         .FILL x0052
(30B6) 004F  0000000001001111 (  75)                 .FILL x004F
(30B7) 0057  0000000001010111 (  75)                 .FILL x0057
(30B8) 0020  0000000000100000 (  75)                 .FILL x0020
(30B9) 0042  0000000001000010 (  75)                 .FILL x0042
(30BA) 003A  0000000000111010 (  75)                 .FILL x003A
(30BB) 0020  0000000000100000 (  75)                 .FILL x0020
(30BC) 0000  0000000000000000 (  75)                 .FILL x0000
(30BD) 0052  0000000001010010 (  76) PromptC         .FILL x0052
(30BE) 004F  0000000001001111 (  76)                 .FILL x004F
(30BF) 0057  0000000001010111 (  76)                 .FILL x0057
(30C0) 0020  0000000000100000 (  76)                 .FILL x0020
(30C1) 0043  0000000001000011 (  76)                 .FILL x0043
(30C2) 003A  0000000000111010 (  76)                 .FILL x003A
(30C3) 0020  0000000000100000 (  76)                 .FILL x0020
(30C4) 0000  0000000000000000 (  76)                 .FILL x0000
(30C5) 3E09  0011111000001001 (  81) PUTBALL         ST    R7 PUTBALLR7
(30C6) 2009  0010000000001001 (  83)                 LD    R0 o
(30C7) 193F  0001100100111111 (  85) output          ADD   R4 R4 #-1
(30C8) 0802  0000100000000010 (  86)                 BRN   finish
(30C9) F021  1111000000100001 (  87)                 TRAP  x21
(30CA) 0FFC  0000111111111100 (  88)                 BRNZP output
(30CB) 2158  0010000101011000 (  90) finish          LD    R0 NewLine
(30CC) F021  1111000000100001 (  91)                 TRAP  x21
(30CD) 2E01  0010111000000001 (  93)                 LD    R7 PUTBALLR7
(30CE) C1C0  1100000111000000 (  94)                 RET   
(30CF) 0000  0000000000000000 (  97) PUTBALLR7       .FILL x0000
(30D0) 006F  0000000001101111 (  98) o               .FILL x006F
(30D1) 3A2F  0011101000101111 ( 103) PLAY            ST    R5 SaveR5
(30D2) 3E2F  0011111000101111 ( 104)                 ST    R7 PLAYR7
(30D3) F020  1111000000100000 ( 106)                 TRAP  x20
(30D4) F021  1111000000100001 ( 107)                 TRAP  x21
(30D5) 1C20  0001110000100000 ( 108)                 ADD   R6 R0 #0
(30D6) F020  1111000000100000 ( 110)                 TRAP  x20
(30D7) F021  1111000000100001 ( 111)                 TRAP  x21
(30D8) 2A2A  0010101000101010 ( 112)                 LD    R5 Term
(30D9) 1A05  0001101000000101 ( 113)                 ADD   R5 R0 R5
(30DA) 0C1A  0000110000011010 ( 114)                 BRNZ  warn
(30DB) 2828  0010100000101000 ( 116)                 LD    R4 nA
(30DC) 1984  0001100110000100 ( 117)                 ADD   R4 R6 R4
(30DD) 0A06  0000101000000110 ( 118)                 BRNP  testb
(30DE) 997F  1001100101111111 ( 119)                 NOT   R4 R5
(30DF) 1921  0001100100100001 ( 120)                 ADD   R4 R4 #1
(30E0) 1244  0001001001000100 ( 121)                 ADD   R1 R1 R4
(30E1) 061C  0000011000011100 ( 122)                 BRZP  return
(30E2) 1245  0001001001000101 ( 123)                 ADD   R1 R1 R5
(30E3) 0E11  0000111000010001 ( 124)                 BRNZP warn
(30E4) 2820  0010100000100000 ( 126) testb           LD    R4 nB
(30E5) 1984  0001100110000100 ( 127)                 ADD   R4 R6 R4
(30E6) 0A06  0000101000000110 ( 128)                 BRNP  testc
(30E7) 997F  1001100101111111 ( 129)                 NOT   R4 R5
(30E8) 1921  0001100100100001 ( 130)                 ADD   R4 R4 #1
(30E9) 1484  0001010010000100 ( 131)                 ADD   R2 R2 R4
(30EA) 0613  0000011000010011 ( 132)                 BRZP  return
(30EB) 1485  0001010010000101 ( 133)                 ADD   R2 R2 R5
(30EC) 0E08  0000111000001000 ( 134)                 BRNZP warn
(30ED) 2818  0010100000011000 ( 136) testc           LD    R4 nC
(30EE) 1984  0001100110000100 ( 137)                 ADD   R4 R6 R4
(30EF) 0A05  0000101000000101 ( 138)                 BRNP  warn
(30F0) 997F  1001100101111111 ( 139)                 NOT   R4 R5
(30F1) 1921  0001100100100001 ( 140)                 ADD   R4 R4 #1
(30F2) 16C4  0001011011000100 ( 141)                 ADD   R3 R3 R4
(30F3) 060A  0000011000001010 ( 142)                 BRZP  return
(30F4) 16C5  0001011011000101 ( 143)                 ADD   R3 R3 R5
(30F5) 212E  0010000100101110 ( 145) warn            LD    R0 NewLine
(30F6) F021  1111000000100001 ( 146)                 TRAP  x21
(30F7) E00F  1110000000001111 ( 147)                 LEA   R0 Warning
(30F8) F022  1111000000100010 ( 148)                 TRAP  x22
(30F9) 212A  0010000100101010 ( 149)                 LD    R0 NewLine
(30FA) F021  1111000000100001 ( 150)                 TRAP  x21
(30FB) 2A05  0010101000000101 ( 151)                 LD    R5 SaveR5
(30FC) 0508  0000010100001000 ( 152)                 BRZ   begin1
(30FD) 0316  0000001100010110 ( 153)                 BRP   begin2
(30FE) 2A02  0010101000000010 ( 155) return          LD    R5 SaveR5
(30FF) 2E02  0010111000000010 ( 156)                 LD    R7 PLAYR7
(3100) C1C0  1100000111000000 ( 157)                 RET   
(3101) 0000  0000000000000000 ( 160) SaveR5          .FILL x0000
(3102) 0000  0000000000000000 ( 161) PLAYR7          .FILL x0000
(3103) FFD0  1111111111010000 ( 162) Term            .FILL xFFD0
(3104) FFBF  1111111110111111 ( 163) nA              .FILL xFFBF
(3105) FFBE  1111111110111110 ( 164) nB              .FILL xFFBE
(3106) FFBD  1111111110111101 ( 165) nC              .FILL xFFBD
(3107) 0049  0000000001001001 ( 166) Warning         .FILL x0049
(3108) 006E  0000000001101110 ( 166)                 .FILL x006E
(3109) 0076  0000000001110110 ( 166)                 .FILL x0076
(310A) 0061  0000000001100001 ( 166)                 .FILL x0061
(310B) 006C  0000000001101100 ( 166)                 .FILL x006C
(310C) 0069  0000000001101001 ( 166)                 .FILL x0069
(310D) 0064  0000000001100100 ( 166)                 .FILL x0064
(310E) 0020  0000000000100000 ( 166)                 .FILL x0020
(310F) 006D  0000000001101101 ( 166)                 .FILL x006D
(3110) 006F  0000000001101111 ( 166)                 .FILL x006F
(3111) 0076  0000000001110110 ( 166)                 .FILL x0076
(3112) 0065  0000000001100101 ( 166)                 .FILL x0065
(3113) 002E  0000000000101110 ( 166)                 .FILL x002E
(3114) 0020  0000000000100000 ( 166)                 .FILL x0020
(3115) 0054  0000000001010100 ( 166)                 .FILL x0054
(3116) 0072  0000000001110010 ( 166)                 .FILL x0072
(3117) 0079  0000000001111001 ( 166)                 .FILL x0079
(3118) 0020  0000000000100000 ( 166)                 .FILL x0020
(3119) 0061  0000000001100001 ( 166)                 .FILL x0061
(311A) 0067  0000000001100111 ( 166)                 .FILL x0067
(311B) 0061  0000000001100001 ( 166)                 .FILL x0061
(311C) 0069  0000000001101001 ( 166)                 .FILL x0069
(311D) 006E  0000000001101110 ( 166)                 .FILL x006E
(311E) 002E  0000000000101110 ( 166)                 .FILL x002E
(311F) 0000  0000000000000000 ( 166)                 .FILL x0000
