(0000) 3000  0011000000000000 (   1)                 .ORIG x3000
(3000) 203B  0010000000111011 (   2)                 LD    R0 score
(3001) 283C  0010100000111100 (   3)                 LD    R4 num
(3002) 103F  0001000000111111 (   4)                 ADD   R0 R0 #-1
(3003) 1021  0001000000100001 (   6) loop1           ADD   R0 R0 #1
(3004) 1221  0001001000100001 (   7)                 ADD   R1 R0 #1
(3005) 5B60  0101101101100000 (   8)                 AND   R5 R5 #0
(3006) 193F  0001100100111111 (   9)                 ADD   R4 R4 #-1
(3007) 0410  0000010000010000 (  10)                 BRZ   copy
(3008) 6400  0110010000000000 (  12) loop2           LDR   R2 R0 #0
(3009) 6640  0110011001000000 (  13)                 LDR   R3 R1 #0
(300A) 1B61  0001101101100001 (  14)                 ADD   R5 R5 #1
(300B) 9CFF  1001110011111111 (  15)                 NOT   R6 R3
(300C) 1DA1  0001110110100001 (  16)                 ADD   R6 R6 #1
(300D) 1E86  0001111010000110 (  17)                 ADD   R7 R2 R6
(300E) 0602  0000011000000010 (  18)                 BRZP  flag
(300F) 7600  0111011000000000 (  19)                 STR   R3 R0 #0
(3010) 7440  0111010001000000 (  20)                 STR   R2 R1 #0
(3011) 1D20  0001110100100000 (  22) flag            ADD   R6 R4 #0
(3012) 9F7F  1001111101111111 (  23)                 NOT   R7 R5
(3013) 1FE1  0001111111100001 (  24)                 ADD   R7 R7 #1
(3014) 1D87  0001110110000111 (  25)                 ADD   R6 R6 R7
(3015) 05ED  0000010111101101 (  26)                 BRZ   loop1
(3016) 1261  0001001001100001 (  27)                 ADD   R1 R1 #1
(3017) 0FF0  0000111111110000 (  28)                 BRNZP loop2
(3018) 2023  0010000000100011 (  30) copy            LD    R0 score
(3019) 2824  0010100000100100 (  31)                 LD    R4 num
(301A) 2E22  0010111000100010 (  32)                 LD    R7 new
(301B) 6200  0110001000000000 (  33) copy1           LDR   R1 R0 #0
(301C) 73C0  0111001111000000 (  34)                 STR   R1 R7 #0
(301D) 1021  0001000000100001 (  35)                 ADD   R0 R0 #1
(301E) 1FE1  0001111111100001 (  36)                 ADD   R7 R7 #1
(301F) 193F  0001100100111111 (  37)                 ADD   R4 R4 #-1
(3020) 03FA  0000001111111010 (  38)                 BRP   copy1
(3021) 201B  0010000000011011 (  40)                 LD    R0 new
(3022) 221C  0010001000011100 (  41)                 LD    R1 score1
(3023) 241C  0010010000011100 (  42)                 LD    R2 score2
(3024) 56E0  0101011011100000 (  43)                 AND   R3 R3 #0
(3025) 5920  0101100100100000 (  44)                 AND   R4 R4 #0
(3026) 5B60  0101101101100000 (  45)                 AND   R5 R5 #0
(3027) 6C00  0110110000000000 (  47) tmpA            LDR   R6 R0 #0
(3028) 1D81  0001110110000001 (  48)                 ADD   R6 R6 R1
(3029) 0805  0000100000000101 (  49)                 BRN   tmpB
(302A) 1921  0001100100100001 (  50)                 ADD   R4 R4 #1
(302B) 1021  0001000000100001 (  51)                 ADD   R0 R0 #1
(302C) 16E1  0001011011100001 (  52)                 ADD   R3 R3 #1
(302D) 1EFC  0001111011111100 (  53)                 ADD   R7 R3 #-4
(302E) 09F8  0000100111111000 (  54)                 BRN   tmpA
(302F) 6C00  0110110000000000 (  56) tmpB            LDR   R6 R0 #0
(3030) 1D82  0001110110000010 (  57)                 ADD   R6 R6 R2
(3031) 0805  0000100000000101 (  58)                 BRN   baocun
(3032) 1B61  0001101101100001 (  59)                 ADD   R5 R5 #1
(3033) 1021  0001000000100001 (  60)                 ADD   R0 R0 #1
(3034) 16E1  0001011011100001 (  61)                 ADD   R3 R3 #1
(3035) 1EF8  0001111011111000 (  62)                 ADD   R7 R3 #-8
(3036) 09F8  0000100111111000 (  63)                 BRN   tmpB
(3037) 2E09  0010111000001001 (  65) baocun          LD    R7 dizhiA
(3038) 2C09  0010110000001001 (  66)                 LD    R6 dizhiB
(3039) 79C0  0111100111000000 (  67)                 STR   R4 R7 #0
(303A) 7B80  0111101110000000 (  68)                 STR   R5 R6 #0
(303B) F025  1111000000100101 (  70)                 TRAP  x25
(303C) 3200  0011001000000000 (  72) score           .FILL x3200
(303D) 4000  0100000000000000 (  73) new             .FILL x4000
(303E) 0010  0000000000010000 (  74) num             .FILL x0010
(303F) FFAB  1111111110101011 (  75) score1          .FILL xFFAB
(3040) FFB5  1111111110110101 (  76) score2          .FILL xFFB5
(3041) 4100  0100000100000000 (  77) dizhiA          .FILL x4100
(3042) 4101  0100000100000001 (  78) dizhiB          .FILL x4101
